<?xml version="1.0" encoding="UTF-8"?>
<!-- Generated by org.testng.reporters.JUnitReportReporter -->
<testsuite hostname="ip-172-31-5-29" failures="0" tests="4" name="parallel.parallel2" time="0.015" errors="0" timestamp="2026-02-01T12:25:27 UTC" skipped="0">
  <testcase classname="parallel.parallel2" name="f2" time="0.002"/>
  <testcase classname="parallel.parallel2" name="f" time="0.009"/>
  <testcase classname="parallel.parallel2" name="f1" time="0.002"/>
  <testcase classname="parallel.parallel2" name="f3" time="0.002"/>
</testsuite> <!-- parallel.parallel2 -->
