<?xml version="1.0" encoding="UTF-8"?>
<!-- Generated by org.testng.reporters.JUnitReportReporter -->
<testsuite hostname="ip-172-31-5-29" failures="0" tests="4" name="parallel.sample_parallel" time="0.043" errors="0" timestamp="2026-01-21T05:08:01 UTC" skipped="0">
  <testcase classname="parallel.sample_parallel" name="f1" time="0.008"/>
  <testcase classname="parallel.sample_parallel" name="f2" time="0.008"/>
  <testcase classname="parallel.sample_parallel" name="f" time="0.018"/>
  <testcase classname="parallel.sample_parallel" name="f3" time="0.009"/>
</testsuite> <!-- parallel.sample_parallel -->
