<?xml version="1.0" encoding="UTF-8"?>
<!-- Generated by org.testng.reporters.JUnitXMLReporter -->
<testsuite ignored="3" hostname="ip-172-31-5-29" failures="0" tests="1" name="Default test" time="1.424" errors="0" timestamp="2026-02-10T08:30:13 UTC">
  <testcase classname="restassured.get_demo" name="test_get" time="1.386"/>
  <testcase classname="restassured.get_demo" name="test_put" time="0.0">
    <ignored/>
  </testcase> <!-- test_put -->
  <testcase classname="restassured.get_demo" name="test_get2" time="0.0">
    <ignored/>
  </testcase> <!-- test_get2 -->
  <testcase classname="restassured.get_demo" name="test_get1" time="0.0">
    <ignored/>
  </testcase> <!-- test_get1 -->
</testsuite> <!-- Default test -->
