<?xml version="1.0" encoding="UTF-8"?>
<!-- Generated by org.testng.reporters.JUnitXMLReporter -->
<testsuite ignored="0" hostname="ip-172-31-5-29" failures="0" tests="7" name="Test" time="0.063" errors="0" timestamp="2026-01-21T05:08:01 UTC">
  <testcase classname="parallel.sample_parallel" name="f2" time="0.008"/>
  <testcase classname="parallel.parallel2" name="f2" time="0.001"/>
  <testcase classname="parallel.parallel2" name="f3" time="0.001"/>
  <testcase classname="parallel.sample_parallel" name="f3" time="0.009"/>
  <testcase classname="parallel.parallel2" name="f" time="0.009"/>
  <testcase classname="parallel.sample_parallel" name="f1" time="0.008"/>
  <testcase classname="parallel.sample_parallel" name="f" time="0.018"/>
</testsuite> <!-- Test -->
