<?xml version="1.0" encoding="UTF-8"?>
<testng-results ignored="3" total="4" passed="1" failed="0" skipped="0">
  <reporter-output>
  </reporter-output>
  <suite started-at="2026-02-10T08:30:12 UTC" name="Default suite" finished-at="2026-02-10T08:30:13 UTC" duration-ms="1424">
    <groups>
    </groups>
    <test started-at="2026-02-10T08:30:12 UTC" name="Default test" finished-at="2026-02-10T08:30:13 UTC" duration-ms="1424">
      <class name="restassured.get_demo">
        <test-method signature="test_get()[pri:0, instance:restassured.get_demo@1623b78d]" started-at="2026-02-10T08:30:12 UTC" name="test_get" finished-at="2026-02-10T08:30:13 UTC" duration-ms="1386" status="PASS">
          <reporter-output>
          </reporter-output>
        </test-method> <!-- test_get -->
      </class> <!-- restassured.get_demo -->
    </test> <!-- Default test -->
  </suite> <!-- Default suite -->
</testng-results>
