<?xml version="1.0" encoding="UTF-8"?>
<testng-results ignored="0" total="1" passed="1" failed="0" skipped="0">
  <reporter-output>
  </reporter-output>
  <suite started-at="2026-01-31T15:17:09 UTC" name="Default suite" finished-at="2026-01-31T15:17:14 UTC" duration-ms="5573">
    <groups>
      <group name="cucumber">
        <method signature="AbstractTestNGCucumberTests.runScenario(io.cucumber.testng.PickleWrapper,io.cucumber.testng.FeatureWrapper)[pri:0, instance:stepdefinitons.testrunner1@6ad82709]" name="runScenario" class="io.cucumber.testng.AbstractTestNGCucumberTests"/>
      </group> <!-- cucumber -->
    </groups>
    <test started-at="2026-01-31T15:17:09 UTC" name="Default test" finished-at="2026-01-31T15:17:14 UTC" duration-ms="5573">
      <class name="stepdefinitons.testrunner1">
        <test-method is-config="true" signature="setUpClass(org.testng.ITestContext)[pri:0, instance:stepdefinitons.testrunner1@6ad82709]" started-at="2026-01-31T15:17:09 UTC" name="setUpClass" finished-at="2026-01-31T15:17:09 UTC" duration-ms="362" status="PASS">
          <params>
            <param index="0">
              <value>
                <![CDATA[org.testng.TestRunner@7593ea79]]>
              </value>
            </param>
          </params>
          <reporter-output>
          </reporter-output>
        </test-method> <!-- setUpClass -->
        <test-method signature="runScenario(io.cucumber.testng.PickleWrapper,io.cucumber.testng.FeatureWrapper)[pri:0, instance:stepdefinitons.testrunner1@6ad82709]" started-at="2026-01-31T15:17:09 UTC" name="runScenario" description="Runs Cucumber Scenarios" data-provider="scenarios" finished-at="2026-01-31T15:17:14 UTC" duration-ms="5129" status="PASS">
          <params>
            <param index="0">
              <value>
                <![CDATA["validate google search is working"]]>
              </value>
            </param>
            <param index="1">
              <value>
                <![CDATA["homepage_search"]]>
              </value>
            </param>
          </params>
          <reporter-output>
          </reporter-output>
        </test-method> <!-- runScenario -->
        <test-method is-config="true" signature="tearDownClass()[pri:0, instance:stepdefinitons.testrunner1@6ad82709]" started-at="2026-01-31T15:17:14 UTC" name="tearDownClass" finished-at="2026-01-31T15:17:14 UTC" duration-ms="43" status="PASS">
          <reporter-output>
          </reporter-output>
        </test-method> <!-- tearDownClass -->
      </class> <!-- stepdefinitons.testrunner1 -->
    </test> <!-- Default test -->
  </suite> <!-- Default suite -->
</testng-results>
