<?xml version="1.0" encoding="UTF-8"?>
<testng-results ignored="0" total="1" passed="1" failed="0" skipped="0">
  <reporter-output>
  </reporter-output>
  <suite started-at="2026-01-29T06:07:32 UTC" name="Default suite" finished-at="2026-01-29T06:07:35 UTC" duration-ms="2740">
    <groups>
    </groups>
    <test started-at="2026-01-29T06:07:32 UTC" name="Default test" finished-at="2026-01-29T06:07:35 UTC" duration-ms="2740">
      <class name="selenium_testng.demo_extent">
        <test-method is-config="true" signature="starttest()[pri:0, instance:selenium_testng.demo_extent@702657cc]" started-at="2026-01-29T06:07:32 UTC" name="starttest" finished-at="2026-01-29T06:07:32 UTC" duration-ms="85" status="PASS">
          <reporter-output>
          </reporter-output>
        </test-method> <!-- starttest -->
        <test-method signature="extenttest()[pri:0, instance:selenium_testng.demo_extent@702657cc]" started-at="2026-01-29T06:07:32 UTC" name="extenttest" finished-at="2026-01-29T06:07:35 UTC" duration-ms="2378" status="PASS">
          <reporter-output>
          </reporter-output>
        </test-method> <!-- extenttest -->
        <test-method is-config="true" signature="teardown()[pri:0, instance:selenium_testng.demo_extent@702657cc]" started-at="2026-01-29T06:07:35 UTC" name="teardown" finished-at="2026-01-29T06:07:35 UTC" duration-ms="244" status="PASS">
          <reporter-output>
          </reporter-output>
        </test-method> <!-- teardown -->
      </class> <!-- selenium_testng.demo_extent -->
    </test> <!-- Default test -->
  </suite> <!-- Default suite -->
</testng-results>
