<?xml version="1.0" encoding="UTF-8"?>
<testng-results ignored="0" total="4" passed="4" failed="0" skipped="0">
  <reporter-output>
  </reporter-output>
  <suite started-at="2026-02-01T12:25:27 UTC" name="Default suite" finished-at="2026-02-01T12:25:27 UTC" duration-ms="62">
    <groups>
    </groups>
    <test started-at="2026-02-01T12:25:27 UTC" name="Default test" finished-at="2026-02-01T12:25:27 UTC" duration-ms="62">
      <class name="parallel.parallel2">
        <test-method signature="f()[pri:0, instance:parallel.parallel2@14dd9eb7]" started-at="2026-02-01T12:25:27 UTC" name="f" finished-at="2026-02-01T12:25:27 UTC" duration-ms="9" status="PASS">
          <reporter-output>
          </reporter-output>
        </test-method> <!-- f -->
        <test-method signature="f1()[pri:0, instance:parallel.parallel2@14dd9eb7]" started-at="2026-02-01T12:25:27 UTC" name="f1" finished-at="2026-02-01T12:25:27 UTC" duration-ms="2" status="PASS">
          <reporter-output>
          </reporter-output>
        </test-method> <!-- f1 -->
        <test-method signature="f2()[pri:0, instance:parallel.parallel2@14dd9eb7]" started-at="2026-02-01T12:25:27 UTC" name="f2" finished-at="2026-02-01T12:25:27 UTC" duration-ms="2" status="PASS">
          <reporter-output>
          </reporter-output>
        </test-method> <!-- f2 -->
        <test-method signature="f3()[pri:0, instance:parallel.parallel2@14dd9eb7]" started-at="2026-02-01T12:25:27 UTC" name="f3" finished-at="2026-02-01T12:25:27 UTC" duration-ms="2" status="PASS">
          <reporter-output>
          </reporter-output>
        </test-method> <!-- f3 -->
      </class> <!-- parallel.parallel2 -->
    </test> <!-- Default test -->
  </suite> <!-- Default suite -->
</testng-results>
