<?xml version="1.0" encoding="UTF-8"?>
<testng-results ignored="0" total="0" passed="0" failed="0" skipped="0">
  <reporter-output>
  </reporter-output>
  <suite started-at="2026-02-03T11:40:19 UTC" name="Default suite" finished-at="2026-02-03T11:40:19 UTC" duration-ms="152">
    <groups>
      <group name="cucumber">
        <method signature="AbstractTestNGCucumberTests.runScenario(io.cucumber.testng.PickleWrapper,io.cucumber.testng.FeatureWrapper)[pri:0, instance:project_bdd.testrunner@7817fd62]" name="runScenario" class="io.cucumber.testng.AbstractTestNGCucumberTests"/>
      </group> <!-- cucumber -->
    </groups>
    <test started-at="2026-02-03T11:40:19 UTC" name="Default test" finished-at="2026-02-03T11:40:19 UTC" duration-ms="152">
      <class name="project_bdd.testrunner">
        <test-method is-config="true" signature="setUpClass(org.testng.ITestContext)[pri:0, instance:project_bdd.testrunner@7817fd62]" started-at="2026-02-03T11:40:19 UTC" name="setUpClass" finished-at="2026-02-03T11:40:19 UTC" duration-ms="122" status="PASS">
          <params>
            <param index="0">
              <value>
                <![CDATA[org.testng.TestRunner@26df6e3a]]>
              </value>
            </param>
          </params>
          <reporter-output>
          </reporter-output>
        </test-method> <!-- setUpClass -->
        <test-method is-config="true" signature="tearDownClass()[pri:0, instance:project_bdd.testrunner@7817fd62]" started-at="2026-02-03T11:40:19 UTC" name="tearDownClass" finished-at="2026-02-03T11:40:19 UTC" duration-ms="3" status="PASS">
          <reporter-output>
          </reporter-output>
        </test-method> <!-- tearDownClass -->
      </class> <!-- project_bdd.testrunner -->
    </test> <!-- Default test -->
  </suite> <!-- Default suite -->
</testng-results>
