<?xml version="1.0" encoding="UTF-8"?>
<!-- Generated by org.testng.reporters.JUnitReportReporter -->
<testsuite hostname="ip-172-31-5-29" failures="0" tests="4" name="restassured.get_demo" time="1.386" errors="0" timestamp="2026-02-10T08:30:13 UTC" skipped="3">
  <testcase classname="restassured.get_demo" name="test_get" time="1.386"/>
  <testcase classname="restassured.get_demo" name="test_put">
    <skipped/>
  </testcase> <!-- test_put -->
  <testcase classname="restassured.get_demo" name="test_get2">
    <skipped/>
  </testcase> <!-- test_get2 -->
  <testcase classname="restassured.get_demo" name="test_get1">
    <skipped/>
  </testcase> <!-- test_get1 -->
</testsuite> <!-- restassured.get_demo -->
